<?xml version="1.0" encoding="UTF-8"?>
<!-- Generated by org.testng.reporters.JUnitXMLReporter -->
<testsuite ignored="1" hostname="DESKTOP-I913D3N" failures="0" tests="1" name="Test" time="15.23" errors="0" timestamp="2021-02-22T17:16:31 CST">
  <testcase classname="test.czh.runcase.LoginCase" name="TestLoginSucccess" time="2.28"/>
  <testcase classname="test.czh.runcase.LoginCase" name="TestLoginuserError" time="0.0">
    <ignored/>
  </testcase> <!-- TestLoginuserError -->
</testsuite> <!-- Test -->
