<?xml version="1.0" encoding="UTF-8"?>
<!-- Generated by org.testng.reporters.JUnitXMLReporter -->
<testsuite hostname="DESKTOP-NUUGM2A" ignored="0" name="Test1" tests="1" failures="1" timestamp="2021-03-02T23:33:14 CST" time="8.8" errors="0">
  <testcase name="TestAddCouseSucccesss" time="0.006" classname="test.czh.runcase.Coursecase">
    <failure type="java.lang.NullPointerException">
      <![CDATA[java.lang.NullPointerException
at test.czh.runcase.Coursecase.TestAddCouseSucccesss(Coursecase.java:41)
at java.util.ArrayList.forEach(Unknown Source)
... Removed 27 stack frames]]>
    </failure>
  </testcase> <!-- TestAddCouseSucccesss -->
</testsuite> <!-- Test1 -->
