<?xml version="1.0" encoding="UTF-8"?>
<!-- Generated by org.testng.reporters.JUnitXMLReporter -->
<testsuite hostname="DESKTOP-NUUGM2A" ignored="0" name="Test" tests="0" failures="0" timestamp="2021-02-27T15:24:31 CST" time="0.052" errors="0">
  <testcase name="@BeforeClass beforeClass" time="-1.614410671649E9" classname="test.czh.runcase.LoginCase">
    <failure type="org.testng.TestNGException" message="
Parameter &amp;apos;url&amp;apos; is required by BeforeClass on method beforeClass but has not been marked @Optional or defined
in D:\study\webtest\testng.xml">
      <![CDATA[org.testng.TestNGException: 
Parameter 'url' is required by BeforeClass on method beforeClass but has not been marked @Optional or defined
in D:\study\webtest\testng.xml
at java.util.ArrayList.forEach(Unknown Source)
... Removed 22 stack frames]]>
    </failure>
  </testcase> <!-- @BeforeClass beforeClass -->
</testsuite> <!-- Test -->
