<?xml version="1.0" encoding="UTF-8"?>
<testng-results ignored="1" total="2" passed="1" failed="0" skipped="0">
  <reporter-output>
  </reporter-output>
  <suite started-at="2021-02-22T18:03:00 CST" name="Suite" finished-at="2021-02-22T18:03:14 CST" duration-ms="14684">
    <groups>
    </groups>
    <test started-at="2021-02-22T18:03:00 CST" name="Test" finished-at="2021-02-22T18:03:14 CST" duration-ms="14684">
      <class name="test.czh.runcase.LoginCase">
        <test-method is-config="true" signature="beforeClass(java.lang.String, java.lang.String, java.lang.String)[pri:0, instance:test.czh.runcase.LoginCase@7e6f74c]" started-at="2021-02-22T18:03:00 CST" name="beforeClass" finished-at="2021-02-22T18:03:11 CST" duration-ms="11254" status="PASS">
          <params>
            <param index="0">
              <value>
                <![CDATA[https://zhan.zzxes.com.cn/#/]]>
              </value>
            </param>
            <param index="1">
              <value>
                <![CDATA[演示]]>
              </value>
            </param>
            <param index="2">
              <value>
                <![CDATA[chrome]]>
              </value>
            </param>
          </params>
          <reporter-output>
          </reporter-output>
        </test-method> <!-- beforeClass -->
        <test-method signature="TestLoginSucccess(java.lang.String, java.lang.String)[pri:0, instance:test.czh.runcase.LoginCase@7e6f74c]" started-at="2021-02-22T18:03:11 CST" name="TestLoginSucccess" finished-at="2021-02-22T18:03:13 CST" duration-ms="2299" status="PASS">
          <params>
            <param index="0">
              <value>
                <![CDATA[13129562261]]>
              </value>
            </param>
            <param index="1">
              <value>
                <![CDATA[czh123]]>
              </value>
            </param>
          </params>
          <reporter-output>
          </reporter-output>
        </test-method> <!-- TestLoginSucccess -->
        <test-method is-config="true" signature="afterMethod()[pri:0, instance:test.czh.runcase.LoginCase@7e6f74c]" started-at="2021-02-22T18:03:13 CST" name="afterMethod" finished-at="2021-02-22T18:03:14 CST" duration-ms="1003" status="PASS">
          <reporter-output>
          </reporter-output>
        </test-method> <!-- afterMethod -->
        <test-method is-config="true" signature="afterClass()[pri:0, instance:test.czh.runcase.LoginCase@7e6f74c]" started-at="2021-02-22T18:03:14 CST" name="afterClass" finished-at="2021-02-22T18:03:14 CST" duration-ms="93" status="PASS">
          <reporter-output>
          </reporter-output>
        </test-method> <!-- afterClass -->
      </class> <!-- test.czh.runcase.LoginCase -->
    </test> <!-- Test -->
  </suite> <!-- Suite -->
</testng-results>
